c:\users\admin\desktop\graduating\server\servercore\serverlibrary\x64\debug\serverlibrary.pch
c:\users\admin\desktop\graduating\server\servercore\serverlibrary\x64\debug\serverlibrary.pdb
c:\users\admin\desktop\graduating\server\servercore\serverlibrary\x64\debug\serverlibrary.idb
c:\users\admin\desktop\graduating\server\servercore\serverlibrary\x64\debug\stdafx.obj
c:\users\admin\desktop\graduating\server\servercore\serverlibrary\x64\debug\querystatement.obj
c:\users\admin\desktop\graduating\server\servercore\serverlibrary\x64\debug\packetanalyzer.obj
c:\users\admin\desktop\graduating\server\servercore\serverlibrary\x64\debug\sessionmonitor.obj
c:\users\admin\desktop\graduating\server\servercore\serverlibrary\x64\debug\lock.obj
c:\users\admin\desktop\graduating\server\servercore\serverlibrary\x64\debug\query.obj
c:\users\admin\desktop\graduating\server\servercore\serverlibrary\x64\debug\iocpsession.obj
c:\users\admin\desktop\graduating\server\servercore\serverlibrary\x64\debug\sessionmanager.obj
c:\users\admin\desktop\graduating\server\servercore\serverlibrary\x64\debug\tinyxmlparser.obj
c:\users\admin\desktop\graduating\server\servercore\serverlibrary\x64\debug\dbmanager.obj
c:\users\admin\desktop\graduating\server\servercore\serverlibrary\x64\debug\session.obj
c:\users\admin\desktop\graduating\server\servercore\serverlibrary\x64\debug\terminalsession.obj
c:\users\admin\desktop\graduating\server\servercore\serverlibrary\x64\debug\csv_parser.obj
c:\users\admin\desktop\graduating\server\servercore\serverlibrary\x64\debug\thread.obj
c:\users\admin\desktop\graduating\server\servercore\serverlibrary\x64\debug\asioserver.obj
c:\users\admin\desktop\graduating\server\servercore\serverlibrary\x64\debug\iocpserver.obj
c:\users\admin\desktop\graduating\server\servercore\serverlibrary\x64\debug\shutdown.obj
c:\users\admin\desktop\graduating\server\servercore\serverlibrary\x64\debug\config.obj
c:\users\admin\desktop\graduating\server\servercore\serverlibrary\x64\debug\minidump.obj
c:\users\admin\desktop\graduating\server\servercore\serverlibrary\x64\debug\tinyxml.obj
c:\users\admin\desktop\graduating\server\servercore\serverlibrary\x64\debug\queryrecord.obj
c:\users\admin\desktop\graduating\server\servercore\serverlibrary\x64\debug\packetobfuscation.obj
c:\users\admin\desktop\graduating\server\servercore\serverlibrary\x64\debug\terminal.obj
c:\users\admin\desktop\graduating\server\servercore\serverlibrary\x64\debug\tinyxmlerror.obj
c:\users\admin\desktop\graduating\server\servercore\serverlibrary\x64\debug\adodatabase.obj
c:\users\admin\desktop\graduating\server\servercore\serverlibrary\x64\debug\server.obj
c:\users\admin\desktop\graduating\server\servercore\serverlibrary\x64\debug\terminalmanager.obj
c:\users\admin\desktop\graduating\server\servercore\serverlibrary\x64\debug\tinystr.obj
c:\users\admin\desktop\graduating\server\servercore\serverlibrary\x64\debug\asiosession.obj
c:\users\admin\desktop\graduating\server\servercore\serverlibrary\x64\debug\stream.obj
c:\users\admin\desktop\graduating\server\servercore\serverlibrary\x64\debug\clock.obj
c:\users\admin\desktop\graduating\server\servercore\serverlibrary\x64\debug\smtpmail.obj
c:\users\admin\desktop\graduating\server\servercore\serverlibrary\x64\debug\task.obj
c:\users\admin\desktop\graduating\server\servercore\serverlibrary\x64\debug\contentsprocess.obj
c:\users\admin\desktop\graduating\server\servercore\serverlibrary\x64\debug\assert.obj
c:\users\admin\desktop\graduating\server\servercore\serverlibrary\x64\debug\logger.obj
c:\users\admin\desktop\graduating\server\output\debug\serverlibrary\serverlibrary.lib
c:\users\admin\desktop\graduating\server\servercore\serverlibrary\x64\debug\msado15.tli
c:\users\admin\desktop\graduating\server\servercore\serverlibrary\x64\debug\msado15.tlh
c:\users\admin\desktop\graduating\server\servercore\x64\debug\serverlibrary.pdb
c:\users\admin\desktop\graduating\server\servercore\serverlibrary\x64\debug\serverlibrary.tlog\cl.command.1.tlog
c:\users\admin\desktop\graduating\server\servercore\serverlibrary\x64\debug\serverlibrary.tlog\cl.read.1.tlog
c:\users\admin\desktop\graduating\server\servercore\serverlibrary\x64\debug\serverlibrary.tlog\cl.write.1.tlog
c:\users\admin\desktop\graduating\server\servercore\serverlibrary\x64\debug\serverlibrary.tlog\lib-link.read.1.tlog
c:\users\admin\desktop\graduating\server\servercore\serverlibrary\x64\debug\serverlibrary.tlog\lib-link.write.1.tlog
c:\users\admin\desktop\graduating\server\servercore\serverlibrary\x64\debug\serverlibrary.tlog\lib.command.1.tlog
