GameServer.obj : error LNK2019: "public: __thiscall SystemLog::SystemLog(void)" (??0SystemLog@@QAE@XZ) 외부 기호(참조 위치: "public: static class SystemLog & __cdecl Singleton<class SystemLog>::getInstance(void)" (?getInstance@?$Singleton@VSystemLog@@@@SAAAVSystemLog@@XZ) 함수)에서 확인하지 못했습니다.
stdafx.obj : error LNK2001: "public: __thiscall SystemLog::SystemLog(void)" (??0SystemLog@@QAE@XZ) 외부 기호를 확인할 수 없습니다.
GameServer.obj : error LNK2019: "public: virtual __thiscall SystemLog::~SystemLog(void)" (??1SystemLog@@UAE@XZ) 외부 기호(참조 위치: "void __cdecl `public: static class SystemLog & __cdecl Singleton<class SystemLog>::getInstance(void)'::`2'::`dynamic atexit destructor for 'instance''(void)" (??__Finstance@?1??getInstance@?$Singleton@VSystemLog@@@@SAAAVSystemLog@@XZ@YAXXZ) 함수)에서 확인하지 못했습니다.
stdafx.obj : error LNK2001: "public: virtual __thiscall SystemLog::~SystemLog(void)" (??1SystemLog@@UAE@XZ) 외부 기호를 확인할 수 없습니다.
GameServer.obj : error LNK2019: "public: void __cdecl SystemLog::log(wchar_t *,...)" (?log@SystemLog@@QAAXPA_WZZ) 외부 기호(참조 위치: "void __cdecl serverProcess(void)" (?serverProcess@@YAXXZ) 함수)에서 확인하지 못했습니다.
stdafx.obj : error LNK2001: "public: void __cdecl SystemLog::log(wchar_t *,...)" (?log@SystemLog@@QAAXPA_WZZ) 외부 기호를 확인할 수 없습니다.
GameServer.obj : error LNK2019: "public: __thiscall Thread::Thread(class std::thread *,class std::basic_string<wchar_t,struct std::char_traits<wchar_t>,class std::allocator<wchar_t> >)" (??0Thread@@QAE@PAVthread@std@@V?$basic_string@_WU?$char_traits@_W@std@@V?$allocator@_W@2@@2@@Z) 외부 기호(참조 위치: _wmain 함수)에서 확인하지 못했습니다.
GameServer.obj : error LNK2019: "public: __thiscall Thread::~Thread(void)" (??1Thread@@QAE@XZ) 외부 기호(참조 위치: "public: void * __thiscall Thread::`scalar deleting destructor'(unsigned int)" (??_GThread@@QAEPAXI@Z) 함수)에서 확인하지 못했습니다.
GameServer.obj : error LNK2019: "public: __thiscall TaskManager::TaskManager(void)" (??0TaskManager@@QAE@XZ) 외부 기호(참조 위치: "public: static class TaskManager & __cdecl Singleton<class TaskManager>::getInstance(void)" (?getInstance@?$Singleton@VTaskManager@@@@SAAAVTaskManager@@XZ) 함수)에서 확인하지 못했습니다.
GameServer.obj : error LNK2019: "public: virtual __thiscall TaskManager::~TaskManager(void)" (??1TaskManager@@UAE@XZ) 외부 기호(참조 위치: "void __cdecl `public: static class TaskManager & __cdecl Singleton<class TaskManager>::getInstance(void)'::`2'::`dynamic atexit destructor for 'instance''(void)" (??__Finstance@?1??getInstance@?$Singleton@VTaskManager@@@@SAAAVTaskManager@@XZ@YAXXZ) 함수)에서 확인하지 못했습니다.
GameServer.obj : error LNK2019: "public: void __thiscall TaskManager::add(class Work *,int,int)" (?add@TaskManager@@QAEXPAVWork@@HH@Z) 외부 기호(참조 위치: "void __cdecl serverProcess(void)" (?serverProcess@@YAXXZ) 함수)에서 확인하지 못했습니다.
GameServer.obj : error LNK2019: "public: __thiscall IOCPServer::IOCPServer(class ContentsProcess *)" (??0IOCPServer@@QAE@PAVContentsProcess@@@Z) 외부 기호(참조 위치: "void __cdecl serverProcess(void)" (?serverProcess@@YAXXZ) 함수)에서 확인하지 못했습니다.
GameProcess.obj : error LNK2019: "public: __thiscall ContentsProcess::ContentsProcess(void)" (??0ContentsProcess@@QAE@XZ) 외부 기호(참조 위치: "public: __thiscall GameProcess::GameProcess(void)" (??0GameProcess@@QAE@XZ) 함수)에서 확인하지 못했습니다.
GameProcess.obj : error LNK2019: "public: __thiscall ContentsProcess::~ContentsProcess(void)" (??1ContentsProcess@@QAE@XZ) 외부 기호(참조 위치: __unwindfunclet$??0GameProcess@@QAE@XZ$0 함수)에서 확인하지 못했습니다.
stdafx.obj : error LNK2019: "public: __thiscall Clock::Clock(void)" (??0Clock@@QAE@XZ) 외부 기호(참조 위치: "public: static class Clock & __cdecl Singleton<class Clock>::getInstance(void)" (?getInstance@?$Singleton@VClock@@@@SAAAVClock@@XZ) 함수)에서 확인하지 못했습니다.
stdafx.obj : error LNK2019: "public: __thiscall Clock::~Clock(void)" (??1Clock@@QAE@XZ) 외부 기호(참조 위치: "void __cdecl `public: static class Clock & __cdecl Singleton<class Clock>::getInstance(void)'::`2'::`dynamic atexit destructor for 'instance''(void)" (??__Finstance@?1??getInstance@?$Singleton@VClock@@@@SAAAVClock@@XZ@YAXXZ) 함수)에서 확인하지 못했습니다.
stdafx.obj : error LNK2019: "public: __int64 __thiscall Clock::systemTick(void)" (?systemTick@Clock@@QAE_JXZ) 외부 기호(참조 위치: "private: void __thiscall ProgramValidation::ProgramExpire::checkExpire(void)" (?checkExpire@ProgramExpire@ProgramValidation@@AAEXXZ) 함수)에서 확인하지 못했습니다.
stdafx.obj : error LNK2019: "public: __int64 __thiscall Clock::strToTick(class std::basic_string<wchar_t,struct std::char_traits<wchar_t>,class std::allocator<wchar_t> >,wchar_t *)" (?strToTick@Clock@@QAE_JV?$basic_string@_WU?$char_traits@_W@std@@V?$allocator@_W@2@@std@@PA_W@Z) 외부 기호(참조 위치: "private: void __thiscall ProgramValidation::ProgramExpire::setBirthTick(void)" (?setBirthTick@ProgramExpire@ProgramValidation@@AAEXXZ) 함수)에서 확인하지 못했습니다.
stdafx.obj : error LNK2019: "void __cdecl Assert(int,wchar_t const *,wchar_t const *,int)" (?Assert@@YAXHPB_W0H@Z) 외부 기호(참조 위치: "private: void __thiscall ProgramValidation::ProgramExpire::setBirthTick(void)" (?setBirthTick@ProgramExpire@ProgramValidation@@AAEXXZ) 함수)에서 확인하지 못했습니다.
stdafx.obj : error LNK2019: "bool __cdecl connectSMTP(unsigned int *)" (?connectSMTP@@YA_NPAI@Z) 외부 기호(참조 위치: "private: void __thiscall ProgramValidation::checkSMTP(void)" (?checkSMTP@ProgramValidation@@AAEXXZ) 함수)에서 확인하지 못했습니다.
stdafx.obj : error LNK2019: "bool __cdecl sendMail(char const *,char const *,char const *,char const *)" (?sendMail@@YA_NPBD000@Z) 외부 기호(참조 위치: "private: void __thiscall ProgramValidation::ProgramExpire::checkExpire(void)" (?checkExpire@ProgramExpire@ProgramValidation@@AAEXXZ) 함수)에서 확인하지 못했습니다.
stdafx.obj : error LNK2019: "public: __thiscall SessionMonitor::SessionMonitor(void)" (??0SessionMonitor@@QAE@XZ) 외부 기호(참조 위치: "void __cdecl `dynamic initializer for 'sessionMonitor''(void)" (??__EsessionMonitor@@YAXXZ) 함수)에서 확인하지 못했습니다.
C:\Users\Han\Desktop\Graduating\Server\Output\Debug\ServerLibrary\ServerLibrary.lib : warning LNK4272: 'x64' 라이브러리 컴퓨터 종류가 'x86' 대상 컴퓨터 종류와 충돌합니다.
C:\Users\Han\Desktop\Graduating\Server\ServerCore\Debug\GameServer.exe : fatal error LNK1120: 19개의 확인할 수 없는 외부 참조입니다.
