c:\users\admin\desktop\graduating\server\servercore\gameserver\x64\debug\gameserver.pch
c:\users\admin\desktop\graduating\server\servercore\gameserver\x64\debug\vc141.pdb
c:\users\admin\desktop\graduating\server\servercore\gameserver\x64\debug\vc141.idb
c:\users\admin\desktop\graduating\server\servercore\gameserver\x64\debug\stdafx.obj
c:\users\admin\desktop\graduating\server\servercore\gameserver\x64\debug\gameserver.obj
c:\users\admin\desktop\graduating\server\servercore\gameserver\x64\debug\gameprocess.obj
c:\users\admin\desktop\graduating\server\servercore\gameserver\x64\debug\msado15.tli
c:\users\admin\desktop\graduating\server\servercore\gameserver\x64\debug\msado15.tlh
c:\users\admin\desktop\graduating\server\servercore\x64\debug\gameserver.pdb
c:\users\admin\desktop\graduating\server\servercore\gameserver\x64\debug\gameserver.tlog\cl.command.1.tlog
c:\users\admin\desktop\graduating\server\servercore\gameserver\x64\debug\gameserver.tlog\cl.read.1.tlog
c:\users\admin\desktop\graduating\server\servercore\gameserver\x64\debug\gameserver.tlog\cl.write.1.tlog
c:\users\admin\desktop\graduating\server\servercore\gameserver\x64\debug\gameserver.tlog\link-cvtres.read.1.tlog
c:\users\admin\desktop\graduating\server\servercore\gameserver\x64\debug\gameserver.tlog\link-cvtres.write.1.tlog
c:\users\admin\desktop\graduating\server\servercore\gameserver\x64\debug\gameserver.tlog\link-mt.read.1.tlog
c:\users\admin\desktop\graduating\server\servercore\gameserver\x64\debug\gameserver.tlog\link-mt.write.1.tlog
c:\users\admin\desktop\graduating\server\servercore\gameserver\x64\debug\gameserver.tlog\link-rc.read.1.tlog
c:\users\admin\desktop\graduating\server\servercore\gameserver\x64\debug\gameserver.tlog\link-rc.write.1.tlog
c:\users\admin\desktop\graduating\server\servercore\gameserver\x64\debug\gameserver.tlog\link.command.1.tlog
c:\users\admin\desktop\graduating\server\servercore\gameserver\x64\debug\gameserver.tlog\link.read.1.tlog
c:\users\admin\desktop\graduating\server\servercore\gameserver\x64\debug\gameserver.tlog\link.write.1.tlog
