  stdafx.cpp
  GameServer.cpp
  GameProcess.cpp
GameServer.obj : error LNK2019: "public: __cdecl SystemLog::SystemLog(void)" (??0SystemLog@@QEAA@XZ) 외부 기호(참조 위치: "public: static class SystemLog & __cdecl Singleton<class SystemLog>::getInstance(void)" (?getInstance@?$Singleton@VSystemLog@@@@SAAEAVSystemLog@@XZ) 함수)에서 확인하지 못했습니다.
GameProcess.obj : error LNK2001: "public: __cdecl SystemLog::SystemLog(void)" (??0SystemLog@@QEAA@XZ) 외부 기호를 확인할 수 없습니다.
stdafx.obj : error LNK2001: "public: __cdecl SystemLog::SystemLog(void)" (??0SystemLog@@QEAA@XZ) 외부 기호를 확인할 수 없습니다.
GameServer.obj : error LNK2019: "public: virtual __cdecl SystemLog::~SystemLog(void)" (??1SystemLog@@UEAA@XZ) 외부 기호(참조 위치: "void __cdecl `public: static class SystemLog & __cdecl Singleton<class SystemLog>::getInstance(void)'::`2'::`dynamic atexit destructor for 'instance''(void)" (??__Finstance@?1??getInstance@?$Singleton@VSystemLog@@@@SAAEAVSystemLog@@XZ@YAXXZ) 함수)에서 확인하지 못했습니다.
GameProcess.obj : error LNK2001: "public: virtual __cdecl SystemLog::~SystemLog(void)" (??1SystemLog@@UEAA@XZ) 외부 기호를 확인할 수 없습니다.
stdafx.obj : error LNK2001: "public: virtual __cdecl SystemLog::~SystemLog(void)" (??1SystemLog@@UEAA@XZ) 외부 기호를 확인할 수 없습니다.
GameServer.obj : error LNK2019: "public: void __cdecl SystemLog::log(unsigned short *,...)" (?log@SystemLog@@QEAAXPEAGZZ) 외부 기호(참조 위치: "void __cdecl serverProcess(void)" (?serverProcess@@YAXXZ) 함수)에서 확인하지 못했습니다.
GameProcess.obj : error LNK2001: "public: void __cdecl SystemLog::log(unsigned short *,...)" (?log@SystemLog@@QEAAXPEAGZZ) 외부 기호를 확인할 수 없습니다.
stdafx.obj : error LNK2001: "public: void __cdecl SystemLog::log(unsigned short *,...)" (?log@SystemLog@@QEAAXPEAGZZ) 외부 기호를 확인할 수 없습니다.
GameServer.obj : error LNK2019: "public: __cdecl Thread::Thread(class std::thread *,class std::basic_string<unsigned short,struct std::char_traits<unsigned short>,class std::allocator<unsigned short> >)" (??0Thread@@QEAA@PEAVthread@std@@V?$basic_string@GU?$char_traits@G@std@@V?$allocator@G@2@@2@@Z) 외부 기호(참조 위치: wmain 함수)에서 확인하지 못했습니다.
GameServer.obj : error LNK2019: "public: __cdecl Thread::~Thread(void)" (??1Thread@@QEAA@XZ) 외부 기호(참조 위치: "public: void * __cdecl Thread::`scalar deleting destructor'(unsigned int)" (??_GThread@@QEAAPEAXI@Z) 함수)에서 확인하지 못했습니다.
GameServer.obj : error LNK2019: "public: __cdecl TaskManager::TaskManager(void)" (??0TaskManager@@QEAA@XZ) 외부 기호(참조 위치: "public: static class TaskManager & __cdecl Singleton<class TaskManager>::getInstance(void)" (?getInstance@?$Singleton@VTaskManager@@@@SAAEAVTaskManager@@XZ) 함수)에서 확인하지 못했습니다.
GameServer.obj : error LNK2019: "public: virtual __cdecl TaskManager::~TaskManager(void)" (??1TaskManager@@UEAA@XZ) 외부 기호(참조 위치: "void __cdecl `public: static class TaskManager & __cdecl Singleton<class TaskManager>::getInstance(void)'::`2'::`dynamic atexit destructor for 'instance''(void)" (??__Finstance@?1??getInstance@?$Singleton@VTaskManager@@@@SAAEAVTaskManager@@XZ@YAXXZ) 함수)에서 확인하지 못했습니다.
GameServer.obj : error LNK2019: "public: void __cdecl TaskManager::add(class Work *,int,int)" (?add@TaskManager@@QEAAXPEAVWork@@HH@Z) 외부 기호(참조 위치: "void __cdecl serverProcess(void)" (?serverProcess@@YAXXZ) 함수)에서 확인하지 못했습니다.
GameServer.obj : error LNK2019: "public: __cdecl IOCPServer::IOCPServer(class ContentsProcess *)" (??0IOCPServer@@QEAA@PEAVContentsProcess@@@Z) 외부 기호(참조 위치: "void __cdecl serverProcess(void)" (?serverProcess@@YAXXZ) 함수)에서 확인하지 못했습니다.
GameProcess.obj : error LNK2019: "public: void __cdecl Stream::operator<<(__int64 const &)" (??6Stream@@QEAAXAEB_J@Z) 외부 기호(참조 위치: "public: virtual void __cdecl Packet::encode(class Stream &)" (?encode@Packet@@UEAAXAEAVStream@@@Z) 함수)에서 확인하지 못했습니다.
GameProcess.obj : error LNK2019: "public: __cdecl ContentsProcess::ContentsProcess(void)" (??0ContentsProcess@@QEAA@XZ) 외부 기호(참조 위치: "public: __cdecl GameProcess::GameProcess(void)" (??0GameProcess@@QEAA@XZ) 함수)에서 확인하지 못했습니다.
GameProcess.obj : error LNK2019: "public: __cdecl ContentsProcess::~ContentsProcess(void)" (??1ContentsProcess@@QEAA@XZ) 외부 기호(참조 위치: "int `public: __cdecl GameProcess::GameProcess(void)'::`1'::dtor$0" (?dtor$0@?0???0GameProcess@@QEAA@XZ@4HA) 함수)에서 확인하지 못했습니다.
GameProcess.obj : error LNK2019: "public: class std::basic_string<unsigned short,struct std::char_traits<unsigned short>,class std::allocator<unsigned short> > __cdecl Session::clientAddress(void)" (?clientAddress@Session@@QEAA?AV?$basic_string@GU?$char_traits@G@std@@V?$allocator@G@2@@std@@XZ) 외부 기호(참조 위치: "private: static void __cdecl GameProcess::C_REQ_EXIT(class Session *,class Packet *)" (?C_REQ_EXIT@GameProcess@@CAXPEAVSession@@PEAVPacket@@@Z) 함수)에서 확인하지 못했습니다.
GameProcess.obj : error LNK2019: "public: unsigned __int64 __cdecl Session::id(void)" (?id@Session@@QEAA_KXZ) 외부 기호(참조 위치: "private: static void __cdecl GameProcess::C_REQ_EXIT(class Session *,class Packet *)" (?C_REQ_EXIT@GameProcess@@CAXPEAVSession@@PEAVPacket@@@Z) 함수)에서 확인하지 못했습니다.
stdafx.obj : error LNK2019: "public: __cdecl Clock::Clock(void)" (??0Clock@@QEAA@XZ) 외부 기호(참조 위치: "public: static class Clock & __cdecl Singleton<class Clock>::getInstance(void)" (?getInstance@?$Singleton@VClock@@@@SAAEAVClock@@XZ) 함수)에서 확인하지 못했습니다.
stdafx.obj : error LNK2019: "public: __cdecl Clock::~Clock(void)" (??1Clock@@QEAA@XZ) 외부 기호(참조 위치: "void __cdecl `public: static class Clock & __cdecl Singleton<class Clock>::getInstance(void)'::`2'::`dynamic atexit destructor for 'instance''(void)" (??__Finstance@?1??getInstance@?$Singleton@VClock@@@@SAAEAVClock@@XZ@YAXXZ) 함수)에서 확인하지 못했습니다.
stdafx.obj : error LNK2019: "public: __int64 __cdecl Clock::systemTick(void)" (?systemTick@Clock@@QEAA_JXZ) 외부 기호(참조 위치: "private: void __cdecl ProgramValidation::ProgramExpire::checkExpire(void)" (?checkExpire@ProgramExpire@ProgramValidation@@AEAAXXZ) 함수)에서 확인하지 못했습니다.
stdafx.obj : error LNK2019: "public: __int64 __cdecl Clock::strToTick(class std::basic_string<unsigned short,struct std::char_traits<unsigned short>,class std::allocator<unsigned short> >,unsigned short *)" (?strToTick@Clock@@QEAA_JV?$basic_string@GU?$char_traits@G@std@@V?$allocator@G@2@@std@@PEAG@Z) 외부 기호(참조 위치: "private: void __cdecl ProgramValidation::ProgramExpire::setBirthTick(void)" (?setBirthTick@ProgramExpire@ProgramValidation@@AEAAXXZ) 함수)에서 확인하지 못했습니다.
stdafx.obj : error LNK2019: "void __cdecl Assert(int,unsigned short const *,unsigned short const *,int)" (?Assert@@YAXHPEBG0H@Z) 외부 기호(참조 위치: "private: void __cdecl ProgramValidation::ProgramExpire::setBirthTick(void)" (?setBirthTick@ProgramExpire@ProgramValidation@@AEAAXXZ) 함수)에서 확인하지 못했습니다.
stdafx.obj : error LNK2019: "bool __cdecl connectSMTP(unsigned __int64 *)" (?connectSMTP@@YA_NPEA_K@Z) 외부 기호(참조 위치: "private: void __cdecl ProgramValidation::checkSMTP(void)" (?checkSMTP@ProgramValidation@@AEAAXXZ) 함수)에서 확인하지 못했습니다.
stdafx.obj : error LNK2019: "bool __cdecl sendMail(char const *,char const *,char const *,char const *)" (?sendMail@@YA_NPEBD000@Z) 외부 기호(참조 위치: "private: void __cdecl ProgramValidation::ProgramExpire::checkExpire(void)" (?checkExpire@ProgramExpire@ProgramValidation@@AEAAXXZ) 함수)에서 확인하지 못했습니다.
stdafx.obj : error LNK2019: "public: __cdecl SessionMonitor::SessionMonitor(void)" (??0SessionMonitor@@QEAA@XZ) 외부 기호(참조 위치: "void __cdecl `dynamic initializer for 'sessionMonitor''(void)" (??__EsessionMonitor@@YAXXZ) 함수)에서 확인하지 못했습니다.
C:\Users\admin\Desktop\Graduating\Server\ServerCore\x64\Debug\GameServer.exe : fatal error LNK1120: 22개의 확인할 수 없는 외부 참조입니다.
